<?xml version="1.0" encoding="UTF-8"?>
<testsuite name="com.jaceksysiak.tests.FileServiceTest" time="6.005" tests="3" errors="0" skipped="0" failures="0">
  <properties>
[...]
</properties>
  <testcase name="testGetExtension" classname="com.jaceksysiak.tests.FileServiceTest" time="0.064"/>
  <testcase name="testIsImageExtension" classname="com.jaceksysiak.tests.FileServiceTest" time="0.004"/>
  <testcase name="testCreateDirectory" classname="com.jaceksysiak.tests.FileServiceTest" time="5.937"/>
</testsuite>